Using pre-set license
Built from '2021.3/release' branch; Version is '2021.3.17f1 (3e8111cac19d) revision 4096273'; Using compiler version '192829333'; Build Type 'Release'
OS: 'Windows 10  (10.0.19045) 64bit Core' Language: 'en' Physical Memory: 15737 MB
BatchMode: 1, IsHumanControllingUs: 0, StartBugReporterOnCrash: 0, Is64bit: 1, IsPro: 1

COMMAND LINE ARGUMENTS:
C:\Program Files\Unity\Hub\Editor\2021.3.17f1\Editor\Unity.exe
-adb2
-batchMode
-noUpm
-name
AssetImportWorker0
-projectPath
C:/Users/Aalimah/Documents/GitHub/updated-gamefiles-/puzzle game
-logFile
Logs/AssetImportWorker0.log
-srvPort
50746
Successfully changed project path to: C:/Users/Aalimah/Documents/GitHub/updated-gamefiles-/puzzle game
C:/Users/Aalimah/Documents/GitHub/updated-gamefiles-/puzzle game
[UnityMemory] Configuration Parameters - Can be set up in boot.config
    "memorysetup-bucket-allocator-granularity=16"
    "memorysetup-bucket-allocator-bucket-count=8"
    "memorysetup-bucket-allocator-block-size=33554432"
    "memorysetup-bucket-allocator-block-count=8"
    "memorysetup-main-allocator-block-size=16777216"
    "memorysetup-thread-allocator-block-size=16777216"
    "memorysetup-gfx-main-allocator-block-size=16777216"
    "memorysetup-gfx-thread-allocator-block-size=16777216"
    "memorysetup-cache-allocator-block-size=4194304"
    "memorysetup-typetree-allocator-block-size=2097152"
    "memorysetup-profiler-bucket-allocator-granularity=16"
    "memorysetup-profiler-bucket-allocator-bucket-count=8"
    "memorysetup-profiler-bucket-allocator-block-size=33554432"
    "memorysetup-profiler-bucket-allocator-block-count=8"
    "memorysetup-profiler-allocator-block-size=16777216"
    "memorysetup-profiler-editor-allocator-block-size=1048576"
    "memorysetup-temp-allocator-size-main=16777216"
    "memorysetup-job-temp-allocator-block-size=2097152"
    "memorysetup-job-temp-allocator-block-size-background=1048576"
    "memorysetup-job-temp-allocator-reduction-small-platforms=262144"
    "memorysetup-temp-allocator-size-background-worker=32768"
    "memorysetup-temp-allocator-size-job-worker=262144"
    "memorysetup-temp-allocator-size-preload-manager=33554432"
    "memorysetup-temp-allocator-size-nav-mesh-worker=65536"
    "memorysetup-temp-allocator-size-audio-worker=65536"
    "memorysetup-temp-allocator-size-cloud-worker=32768"
    "memorysetup-temp-allocator-size-gi-baking-worker=262144"
    "memorysetup-temp-allocator-size-gfx=262144"
Player connection [28416] Host "[IP] 192.168.56.1 [Port] 0 [Flags] 2 [Guid] 3526273054 [EditorId] 3526273054 [Version] 1048832 [Id] WindowsEditor(7,DESKTOP-IB41ETS) [Debug] 1 [PackageName] WindowsEditor [ProjectName] Editor" joined multi-casting on [225.0.0.222:54997]...

Player connection [28416] Host "[IP] 192.168.56.1 [Port] 0 [Flags] 2 [Guid] 3526273054 [EditorId] 3526273054 [Version] 1048832 [Id] WindowsEditor(7,DESKTOP-IB41ETS) [Debug] 1 [PackageName] WindowsEditor [ProjectName] Editor" joined alternative multi-casting on [225.0.0.222:34997]...

Refreshing native plugins compatible for Editor in 110.78 ms, found 3 plugins.
Preloading 0 native plugins for Editor in 0.00 ms.
Initialize engine version: 2021.3.17f1 (3e8111cac19d)
[Subsystems] Discovering subsystems at path C:/Program Files/Unity/Hub/Editor/2021.3.17f1/Editor/Data/Resources/UnitySubsystems
[Subsystems] Discovering subsystems at path C:/Users/Aalimah/Documents/GitHub/updated-gamefiles-/puzzle game/Assets
GfxDevice: creating device client; threaded=0; jobified=0
Direct3D:
    Version:  Direct3D 11.0 [level 11.1]
    Renderer: AMD Radeon(TM) Graphics (ID=0x1636)
    Vendor:   ATI
    VRAM:     7868 MB
    Driver:   30.0.13014.8
Initialize mono
Mono path[0] = 'C:/Program Files/Unity/Hub/Editor/2021.3.17f1/Editor/Data/Managed'
Mono path[1] = 'C:/Program Files/Unity/Hub/Editor/2021.3.17f1/Editor/Data/MonoBleedingEdge/lib/mono/unityjit-win32'
Mono config path = 'C:/Program Files/Unity/Hub/Editor/2021.3.17f1/Editor/Data/MonoBleedingEdge/etc'
Using monoOptions --debugger-agent=transport=dt_socket,embedding=1,server=y,suspend=n,address=127.0.0.1:56236
Begin MonoManager ReloadAssembly
Registering precompiled unity dll's ...
Register platform support module: C:/Program Files/Unity/Hub/Editor/2021.3.17f1/Editor/Data/PlaybackEngines/WebGLSupport/UnityEditor.WebGL.Extensions.dll
Register platform support module: C:/Program Files/Unity/Hub/Editor/2021.3.17f1/Editor/Data/PlaybackEngines/WindowsStandaloneSupport/UnityEditor.WindowsStandalone.Extensions.dll
Registered in 0.007712 seconds.
Native extension for WindowsStandalone target not found
Native extension for WebGL target not found
Refreshing native plugins compatible for Editor in 109.94 ms, found 3 plugins.
Preloading 0 native plugins for Editor in 0.00 ms.
Mono: successfully reloaded assembly
- Completed reload, in  0.675 seconds
Domain Reload Profiling:
	ReloadAssembly (676ms)
		BeginReloadAssembly (74ms)
			ExecutionOrderSort (0ms)
			DisableScriptedObjects (0ms)
			BackupInstance (0ms)
			ReleaseScriptingObjects (0ms)
			CreateAndSetChildDomain (1ms)
		EndReloadAssembly (486ms)
			LoadAssemblies (71ms)
			RebuildTransferFunctionScriptingTraits (0ms)
			SetupTypeCache (111ms)
			ReleaseScriptCaches (0ms)
			RebuildScriptCaches (34ms)
			SetupLoadedEditorAssemblies (286ms)
				LogAssemblyErrors (0ms)
				InitializePlatformSupportModulesInManaged (11ms)
				SetLoadedEditorAssemblies (0ms)
				RefreshPlugins (110ms)
				BeforeProcessingInitializeOnLoad (1ms)
				ProcessInitializeOnLoadAttributes (119ms)
				ProcessInitializeOnLoadMethodAttributes (45ms)
				AfterProcessingInitializeOnLoad (0ms)
				EditorAssembliesLoaded (0ms)
			ExecutionOrderSort2 (0ms)
			AwakeInstancesAfterBackupRestoration (0ms)
Platform modules already initialized, skipping
Registering precompiled user dll's ...
Registered in 0.007201 seconds.
Begin MonoManager ReloadAssembly
Symbol file LoadedFromMemory doesn't match image C:\Users\Aalimah\Documents\GitHub\updated-gamefiles-\puzzle game\Library\PackageCache\com.unity.visualscripting@1.8.0\Editor\VisualScripting.Core\Dependencies\YamlDotNet\Unity.VisualScripting.YamlDotNet.dll
Symbol file LoadedFromMemory doesn't match image C:\Users\Aalimah\Documents\GitHub\updated-gamefiles-\puzzle game\Library\PackageCache\com.unity.visualscripting@1.8.0\Editor\VisualScripting.Core\Dependencies\DotNetZip\Unity.VisualScripting.IonicZip.dll
Native extension for WindowsStandalone target not found
Native extension for WebGL target not found
Refreshing native plugins compatible for Editor in 0.85 ms, found 3 plugins.
Preloading 0 native plugins for Editor in 0.00 ms.
Mono: successfully reloaded assembly
- Completed reload, in  1.015 seconds
Domain Reload Profiling:
	ReloadAssembly (1015ms)
		BeginReloadAssembly (115ms)
			ExecutionOrderSort (0ms)
			DisableScriptedObjects (6ms)
			BackupInstance (0ms)
			ReleaseScriptingObjects (0ms)
			CreateAndSetChildDomain (21ms)
		EndReloadAssembly (778ms)
			LoadAssemblies (84ms)
			RebuildTransferFunctionScriptingTraits (0ms)
			SetupTypeCache (269ms)
			ReleaseScriptCaches (1ms)
			RebuildScriptCaches (53ms)
			SetupLoadedEditorAssemblies (331ms)
				LogAssemblyErrors (0ms)
				InitializePlatformSupportModulesInManaged (7ms)
				SetLoadedEditorAssemblies (0ms)
				RefreshPlugins (1ms)
				BeforeProcessingInitializeOnLoad (94ms)
				ProcessInitializeOnLoadAttributes (202ms)
				ProcessInitializeOnLoadMethodAttributes (18ms)
				AfterProcessingInitializeOnLoad (9ms)
				EditorAssembliesLoaded (0ms)
			ExecutionOrderSort2 (0ms)
			AwakeInstancesAfterBackupRestoration (6ms)
Platform modules already initialized, skipping
========================================================================
Worker process is ready to serve import requests
Launched and connected shader compiler UnityShaderCompiler.exe after 0.07 seconds
Refreshing native plugins compatible for Editor in 0.81 ms, found 3 plugins.
Preloading 0 native plugins for Editor in 0.00 ms.
Unloading 3310 Unused Serialized files (Serialized files now loaded: 0)
Unloading 50 unused Assets / (88.0 KB). Loaded Objects now: 3747.
Memory consumption went from 114.6 MB to 114.5 MB.
Total: 3.189200 ms (FindLiveObjects: 0.331100 ms CreateObjectMapping: 0.085900 ms MarkObjects: 2.659600 ms  DeleteObjects: 0.110900 ms)

AssetImportParameters requested are different than current active one (requested -> active):
  custom:video-decoder-ogg-theora: a1e56fd34408186e4bbccfd4996cb3dc -> 
  custom:container-muxer-webm: aa71ff27fc2769a1b78a27578f13a17b -> 
  custom:container-demuxer-webm: 4f35f7cbe854078d1ac9338744f61a02 -> 
  custom:video-encoder-webm-vp8: eb34c28f22e8b96e1ab97ce403110664 -> 
  custom:video-codec-MediaFoundation-h265: 746d11721c4dcdbdad8f713fa42b33f4 -> 
  custom:audio-encoder-webm-vorbis: bf7c407c2cedff20999df2af8eb42d56 -> 
  custom:framework-win-MediaFoundation: 216162199b28c13a410421893ffa2e32 -> 
  custom:container-demuxer-ogg: 62fdf1f143b41e24485cea50d1cbac27 -> 
  custom:video-decoder-webm-vp8: 9c59270c3fd7afecdb556c50c9e8de78 -> 
  custom:audio-decoder-ogg-vorbis: bf7c407c2cedff20999df2af8eb42d56 -> 
========================================================================
Received Import Request.
  Time since last request: 617799.665807 seconds.
  path: Assets/JigsawPuzzlesCollection/Sprites/Collections/National Pride/Cocrico.png
  artifactKey: Guid(29913bec69fd59947abb0bcc0f3f8ff4) Importer(815301076,1909f56bfc062723c751e8b465ee728b)
Start importing Assets/JigsawPuzzlesCollection/Sprites/Collections/National Pride/Cocrico.png using Guid(29913bec69fd59947abb0bcc0f3f8ff4) Importer(815301076,1909f56bfc062723c751e8b465ee728b)  -> (artifact id: 'db5fda5845a65fad7bc4f6e9cc15e5b4') in 0.178347 seconds 
========================================================================
Received Import Request.
  Time since last request: 0.783147 seconds.
  path: Assets/JigsawPuzzlesCollection/Sprites/Collections/National Pride/Flag.png
  artifactKey: Guid(0f52e078ea9338743abdda09a8a3b319) Importer(815301076,1909f56bfc062723c751e8b465ee728b)
Start importing Assets/JigsawPuzzlesCollection/Sprites/Collections/National Pride/Flag.png using Guid(0f52e078ea9338743abdda09a8a3b319) Importer(815301076,1909f56bfc062723c751e8b465ee728b)  -> (artifact id: 'f04080edbf3b2a3a9b64b7a41218d149') in 0.035999 seconds 
========================================================================
Received Import Request.
  Time since last request: 3.740387 seconds.
  path: Assets/JigsawPuzzlesCollection/Sprites/Collections/National Pride/Flower.png
  artifactKey: Guid(0217efc788c13e946af1238fd074d0fd) Importer(815301076,1909f56bfc062723c751e8b465ee728b)
Start importing Assets/JigsawPuzzlesCollection/Sprites/Collections/National Pride/Flower.png using Guid(0217efc788c13e946af1238fd074d0fd) Importer(815301076,1909f56bfc062723c751e8b465ee728b)  -> (artifact id: '3c14dd8e2c5c956d8021f2ae6ec00bdb') in 0.043238 seconds 
========================================================================
Received Import Request.
  Time since last request: 3.277196 seconds.
  path: Assets/JigsawPuzzlesCollection/Sprites/Collections/National Pride/Ibis.png
  artifactKey: Guid(2f18d0f7019158840b8aa9951a6f50f2) Importer(815301076,1909f56bfc062723c751e8b465ee728b)
Start importing Assets/JigsawPuzzlesCollection/Sprites/Collections/National Pride/Ibis.png using Guid(2f18d0f7019158840b8aa9951a6f50f2) Importer(815301076,1909f56bfc062723c751e8b465ee728b)  -> (artifact id: 'a363be92f667b820102427205bb1f082') in 0.037377 seconds 
========================================================================
Received Import Request.
  Time since last request: 3.270787 seconds.
  path: Assets/JigsawPuzzlesCollection/Sprites/Collections/National Pride/SteelPan.png
  artifactKey: Guid(c57b8b2517a652d41b847af273b53ea9) Importer(815301076,1909f56bfc062723c751e8b465ee728b)
Start importing Assets/JigsawPuzzlesCollection/Sprites/Collections/National Pride/SteelPan.png using Guid(c57b8b2517a652d41b847af273b53ea9) Importer(815301076,1909f56bfc062723c751e8b465ee728b)  -> (artifact id: '7f435213d323d6bbb6eb934088904b6d') in 0.044277 seconds 
========================================================================
Received Import Request.
  Time since last request: 58.691665 seconds.
  path: Assets/JigsawPuzzlesCollection/Collections/National Pride
  artifactKey: Guid(5a744a4ce6382444bb5f1dc83c9d9bf7) Importer(815301076,1909f56bfc062723c751e8b465ee728b)
Start importing Assets/JigsawPuzzlesCollection/Collections/National Pride using Guid(5a744a4ce6382444bb5f1dc83c9d9bf7) Importer(815301076,1909f56bfc062723c751e8b465ee728b)  -> (artifact id: '7b0d403a845b1941d21c26560695b618') in 0.001992 seconds 
========================================================================
Received Import Request.
  Time since last request: 279.453935 seconds.
  path: Assets/JigsawPuzzlesCollection/Collections/National Pride.asset
  artifactKey: Guid(2ae38b58b7b50754f8983111676e9d09) Importer(815301076,1909f56bfc062723c751e8b465ee728b)
Start importing Assets/JigsawPuzzlesCollection/Collections/National Pride.asset using Guid(2ae38b58b7b50754f8983111676e9d09) Importer(815301076,1909f56bfc062723c751e8b465ee728b)  -> (artifact id: 'bb655581634ab8630024977f7f4ffbe5') in 0.009031 seconds 
========================================================================
Received Prepare
Registering precompiled user dll's ...
Registered in 0.007146 seconds.
Begin MonoManager ReloadAssembly
Symbol file LoadedFromMemory doesn't match image C:\Users\Aalimah\Documents\GitHub\updated-gamefiles-\puzzle game\Library\PackageCache\com.unity.visualscripting@1.8.0\Editor\VisualScripting.Core\Dependencies\YamlDotNet\Unity.VisualScripting.YamlDotNet.dll
Symbol file LoadedFromMemory doesn't match image C:\Users\Aalimah\Documents\GitHub\updated-gamefiles-\puzzle game\Library\PackageCache\com.unity.visualscripting@1.8.0\Editor\VisualScripting.Core\Dependencies\DotNetZip\Unity.VisualScripting.IonicZip.dll
Native extension for WindowsStandalone target not found
Native extension for WebGL target not found
Refreshing native plugins compatible for Editor in 1.35 ms, found 3 plugins.
Preloading 0 native plugins for Editor in 0.00 ms.
Mono: successfully reloaded assembly
- Completed reload, in  1.182 seconds
Domain Reload Profiling:
	ReloadAssembly (1183ms)
		BeginReloadAssembly (132ms)
			ExecutionOrderSort (0ms)
			DisableScriptedObjects (4ms)
			BackupInstance (0ms)
			ReleaseScriptingObjects (0ms)
			CreateAndSetChildDomain (34ms)
		EndReloadAssembly (936ms)
			LoadAssemblies (93ms)
			RebuildTransferFunctionScriptingTraits (0ms)
			SetupTypeCache (368ms)
			ReleaseScriptCaches (2ms)
			RebuildScriptCaches (51ms)
			SetupLoadedEditorAssemblies (358ms)
				LogAssemblyErrors (0ms)
				InitializePlatformSupportModulesInManaged (17ms)
				SetLoadedEditorAssemblies (1ms)
				RefreshPlugins (1ms)
				BeforeProcessingInitializeOnLoad (85ms)
				ProcessInitializeOnLoadAttributes (219ms)
				ProcessInitializeOnLoadMethodAttributes (23ms)
				AfterProcessingInitializeOnLoad (12ms)
				EditorAssembliesLoaded (0ms)
			ExecutionOrderSort2 (0ms)
			AwakeInstancesAfterBackupRestoration (8ms)
Platform modules already initialized, skipping
Refreshing native plugins compatible for Editor in 6.03 ms, found 3 plugins.
Preloading 0 native plugins for Editor in 0.00 ms.
Unloading 3305 Unused Serialized files (Serialized files now loaded: 0)
Unloading 44 unused Assets / (80.3 KB). Loaded Objects now: 3757.
Memory consumption went from 118.9 MB to 118.8 MB.
Total: 4.456600 ms (FindLiveObjects: 0.784200 ms CreateObjectMapping: 0.341700 ms MarkObjects: 3.204500 ms  DeleteObjects: 0.124000 ms)

AssetImportParameters requested are different than current active one (requested -> active):
  custom:video-decoder-ogg-theora: a1e56fd34408186e4bbccfd4996cb3dc -> 
  custom:container-muxer-webm: aa71ff27fc2769a1b78a27578f13a17b -> 
  custom:container-demuxer-webm: 4f35f7cbe854078d1ac9338744f61a02 -> 
  custom:video-encoder-webm-vp8: eb34c28f22e8b96e1ab97ce403110664 -> 
  custom:video-codec-MediaFoundation-h265: 746d11721c4dcdbdad8f713fa42b33f4 -> 
  custom:audio-encoder-webm-vorbis: bf7c407c2cedff20999df2af8eb42d56 -> 
  custom:framework-win-MediaFoundation: 216162199b28c13a410421893ffa2e32 -> 
  custom:container-demuxer-ogg: 62fdf1f143b41e24485cea50d1cbac27 -> 
  custom:video-decoder-webm-vp8: 9c59270c3fd7afecdb556c50c9e8de78 -> 
  custom:audio-decoder-ogg-vorbis: bf7c407c2cedff20999df2af8eb42d56 -> 
========================================================================
Received Import Request.
  Time since last request: 287.937436 seconds.
  path: Assets/JigsawPuzzlesCollection/Collections/National Pride/Level 1.asset
  artifactKey: Guid(4fd891d5efcae114aa91ddd31b127394) Importer(815301076,1909f56bfc062723c751e8b465ee728b)
Start importing Assets/JigsawPuzzlesCollection/Collections/National Pride/Level 1.asset using Guid(4fd891d5efcae114aa91ddd31b127394) Importer(815301076,1909f56bfc062723c751e8b465ee728b)  -> (artifact id: '8cd403ee5c0efbbdd62a35839304c94e') in 0.017256 seconds 
========================================================================
Received Import Request.
  Time since last request: 0.000028 seconds.
  path: Assets/JigsawPuzzlesCollection/Collections/National Pride/Level 4.asset
  artifactKey: Guid(93b28ad7c13955d44a93291234a86a70) Importer(815301076,1909f56bfc062723c751e8b465ee728b)
Start importing Assets/JigsawPuzzlesCollection/Collections/National Pride/Level 4.asset using Guid(93b28ad7c13955d44a93291234a86a70) Importer(815301076,1909f56bfc062723c751e8b465ee728b)  -> (artifact id: '84380eadbd9a30e233e5d5a175c8a203') in 0.003373 seconds 
========================================================================
Received Import Request.
  Time since last request: 0.000032 seconds.
  path: Assets/JigsawPuzzlesCollection/Collections/National Pride/Level 6.asset
  artifactKey: Guid(bf2eeb3c8eaba9c42b5e34b8a3c9356f) Importer(815301076,1909f56bfc062723c751e8b465ee728b)
Start importing Assets/JigsawPuzzlesCollection/Collections/National Pride/Level 6.asset using Guid(bf2eeb3c8eaba9c42b5e34b8a3c9356f) Importer(815301076,1909f56bfc062723c751e8b465ee728b)  -> (artifact id: '8f11f2ad91286929c5c358adb5a4be9d') in 0.003398 seconds 
========================================================================
Received Import Request.
  Time since last request: 0.000024 seconds.
  path: Assets/JigsawPuzzlesCollection/Collections/National Pride/Level 3.asset
  artifactKey: Guid(dba789cdfebdda9489992cbffe51a625) Importer(815301076,1909f56bfc062723c751e8b465ee728b)
Start importing Assets/JigsawPuzzlesCollection/Collections/National Pride/Level 3.asset using Guid(dba789cdfebdda9489992cbffe51a625) Importer(815301076,1909f56bfc062723c751e8b465ee728b)  -> (artifact id: '7233e3b8fe99cd316159ece4ac428b3c') in 0.002399 seconds 
========================================================================
Received Import Request.
  Time since last request: 30.080531 seconds.
  path: Assets/JigsawPuzzlesCollection/Collections/Map Levels
  artifactKey: Guid(492344c10d27f9a44aeea1032af6c87e) Importer(815301076,1909f56bfc062723c751e8b465ee728b)
Start importing Assets/JigsawPuzzlesCollection/Collections/Map Levels using Guid(492344c10d27f9a44aeea1032af6c87e) Importer(815301076,1909f56bfc062723c751e8b465ee728b)  -> (artifact id: 'c9872c406a8bf1404fcc74ce94e5e366') in 0.002278 seconds 
========================================================================
Received Import Request.
  Time since last request: 3460.971348 seconds.
  path: Assets/JigsawPuzzlesCollection/Scripts/CompletedScript.cs
  artifactKey: Guid(d549171ea6384a0478e4e8319fdb9c59) Importer(815301076,1909f56bfc062723c751e8b465ee728b)
Start importing Assets/JigsawPuzzlesCollection/Scripts/CompletedScript.cs using Guid(d549171ea6384a0478e4e8319fdb9c59) Importer(815301076,1909f56bfc062723c751e8b465ee728b)  -> (artifact id: '8c908403355beae7ce474e1afbbedc61') in 0.017557 seconds 
========================================================================
Received Import Request.
  Time since last request: 52371.927546 seconds.
  path: Assets/JigsawPuzzlesCollection/Sprites/Boards/Clouds.jpg
  artifactKey: Guid(af19ed4aed7a1fc47b572a5530ccb07e) Importer(815301076,1909f56bfc062723c751e8b465ee728b)
Start importing Assets/JigsawPuzzlesCollection/Sprites/Boards/Clouds.jpg using Guid(af19ed4aed7a1fc47b572a5530ccb07e) Importer(815301076,1909f56bfc062723c751e8b465ee728b)  -> (artifact id: 'e1fc45b17eae929ff26df085ac8044ba') in 0.269935 seconds 
========================================================================
Received Import Request.
  Time since last request: 32.632321 seconds.
  path: Assets/JigsawPuzzlesCollection/Collections/Maps.asset
  artifactKey: Guid(2e3aa0d2ec96fe8418ea372545f1b9e5) Importer(815301076,1909f56bfc062723c751e8b465ee728b)
Start importing Assets/JigsawPuzzlesCollection/Collections/Maps.asset using Guid(2e3aa0d2ec96fe8418ea372545f1b9e5) Importer(815301076,1909f56bfc062723c751e8b465ee728b)  -> (artifact id: 'f175a42a3a9f64c208cea750942cf623') in 0.015986 seconds 
========================================================================
Received Prepare
Registering precompiled user dll's ...
Registered in 0.006801 seconds.
Begin MonoManager ReloadAssembly
Symbol file LoadedFromMemory doesn't match image C:\Users\Aalimah\Documents\GitHub\updated-gamefiles-\puzzle game\Library\PackageCache\com.unity.visualscripting@1.8.0\Editor\VisualScripting.Core\Dependencies\YamlDotNet\Unity.VisualScripting.YamlDotNet.dll
Symbol file LoadedFromMemory doesn't match image C:\Users\Aalimah\Documents\GitHub\updated-gamefiles-\puzzle game\Library\PackageCache\com.unity.visualscripting@1.8.0\Editor\VisualScripting.Core\Dependencies\DotNetZip\Unity.VisualScripting.IonicZip.dll
Native extension for WindowsStandalone target not found
Native extension for WebGL target not found
Refreshing native plugins compatible for Editor in 0.97 ms, found 3 plugins.
Preloading 0 native plugins for Editor in 0.00 ms.
Mono: successfully reloaded assembly
- Completed reload, in  1.454 seconds
Domain Reload Profiling:
	ReloadAssembly (1456ms)
		BeginReloadAssembly (290ms)
			ExecutionOrderSort (0ms)
			DisableScriptedObjects (11ms)
			BackupInstance (0ms)
			ReleaseScriptingObjects (0ms)
			CreateAndSetChildDomain (115ms)
		EndReloadAssembly (1020ms)
			LoadAssemblies (144ms)
			RebuildTransferFunctionScriptingTraits (0ms)
			SetupTypeCache (412ms)
			ReleaseScriptCaches (2ms)
			RebuildScriptCaches (59ms)
			SetupLoadedEditorAssemblies (374ms)
				LogAssemblyErrors (0ms)
				InitializePlatformSupportModulesInManaged (20ms)
				SetLoadedEditorAssemblies (1ms)
				RefreshPlugins (1ms)
				BeforeProcessingInitializeOnLoad (90ms)
				ProcessInitializeOnLoadAttributes (227ms)
				ProcessInitializeOnLoadMethodAttributes (24ms)
				AfterProcessingInitializeOnLoad (11ms)
				EditorAssembliesLoaded (0ms)
			ExecutionOrderSort2 (0ms)
			AwakeInstancesAfterBackupRestoration (7ms)
Platform modules already initialized, skipping
Refreshing native plugins compatible for Editor in 6.41 ms, found 3 plugins.
Preloading 0 native plugins for Editor in 0.00 ms.
Unloading 3305 Unused Serialized files (Serialized files now loaded: 0)
Unloading 44 unused Assets / (80.2 KB). Loaded Objects now: 3763.
Memory consumption went from 118.9 MB to 118.8 MB.
Total: 3.535000 ms (FindLiveObjects: 0.301300 ms CreateObjectMapping: 0.109800 ms MarkObjects: 3.015900 ms  DeleteObjects: 0.106300 ms)

AssetImportParameters requested are different than current active one (requested -> active):
  custom:video-decoder-ogg-theora: a1e56fd34408186e4bbccfd4996cb3dc -> 
  custom:container-muxer-webm: aa71ff27fc2769a1b78a27578f13a17b -> 
  custom:container-demuxer-webm: 4f35f7cbe854078d1ac9338744f61a02 -> 
  custom:video-encoder-webm-vp8: eb34c28f22e8b96e1ab97ce403110664 -> 
  custom:video-codec-MediaFoundation-h265: 746d11721c4dcdbdad8f713fa42b33f4 -> 
  custom:audio-encoder-webm-vorbis: bf7c407c2cedff20999df2af8eb42d56 -> 
  custom:framework-win-MediaFoundation: 216162199b28c13a410421893ffa2e32 -> 
  custom:container-demuxer-ogg: 62fdf1f143b41e24485cea50d1cbac27 -> 
  custom:video-decoder-webm-vp8: 9c59270c3fd7afecdb556c50c9e8de78 -> 
  custom:audio-decoder-ogg-vorbis: bf7c407c2cedff20999df2af8eb42d56 -> 
========================================================================
Received Import Request.
  Time since last request: 477.170512 seconds.
  path: Assets/JigsawPuzzlesCollection/Scenes/Game.unity
  artifactKey: Guid(2cda990e2423bbf4892e6590ba056729) Importer(815301076,1909f56bfc062723c751e8b465ee728b)
Start importing Assets/JigsawPuzzlesCollection/Scenes/Game.unity using Guid(2cda990e2423bbf4892e6590ba056729) Importer(815301076,1909f56bfc062723c751e8b465ee728b)  -> (artifact id: '5f68fba21e0e2cc8819d252def8b6ba7') in 0.009435 seconds 
========================================================================
Received Import Request.
  Time since last request: 119.407136 seconds.
  path: Assets/JigsawPuzzlesCollection/Scenes/Menu.unity
  artifactKey: Guid(d1590adffbb70ab49b4e480d300285c1) Importer(815301076,1909f56bfc062723c751e8b465ee728b)
Start importing Assets/JigsawPuzzlesCollection/Scenes/Menu.unity using Guid(d1590adffbb70ab49b4e480d300285c1) Importer(815301076,1909f56bfc062723c751e8b465ee728b)  -> (artifact id: '882fea9028835c834daf6e4a48855777') in 0.039776 seconds 
========================================================================
Received Prepare
Registering precompiled user dll's ...
Registered in 0.008698 seconds.
Begin MonoManager ReloadAssembly
Symbol file LoadedFromMemory doesn't match image C:\Users\Aalimah\Documents\GitHub\updated-gamefiles-\puzzle game\Library\PackageCache\com.unity.visualscripting@1.8.0\Editor\VisualScripting.Core\Dependencies\YamlDotNet\Unity.VisualScripting.YamlDotNet.dll
Symbol file LoadedFromMemory doesn't match image C:\Users\Aalimah\Documents\GitHub\updated-gamefiles-\puzzle game\Library\PackageCache\com.unity.visualscripting@1.8.0\Editor\VisualScripting.Core\Dependencies\DotNetZip\Unity.VisualScripting.IonicZip.dll
Native extension for WindowsStandalone target not found
Native extension for WebGL target not found
Refreshing native plugins compatible for Editor in 1.12 ms, found 3 plugins.
Preloading 0 native plugins for Editor in 0.00 ms.
Mono: successfully reloaded assembly
- Completed reload, in  1.296 seconds
Domain Reload Profiling:
	ReloadAssembly (1297ms)
		BeginReloadAssembly (139ms)
			ExecutionOrderSort (0ms)
			DisableScriptedObjects (7ms)
			BackupInstance (0ms)
			ReleaseScriptingObjects (0ms)
			CreateAndSetChildDomain (35ms)
		EndReloadAssembly (1046ms)
			LoadAssemblies (88ms)
			RebuildTransferFunctionScriptingTraits (0ms)
			SetupTypeCache (368ms)
			ReleaseScriptCaches (2ms)
			RebuildScriptCaches (61ms)
			SetupLoadedEditorAssemblies (443ms)
				LogAssemblyErrors (0ms)
				InitializePlatformSupportModulesInManaged (22ms)
				SetLoadedEditorAssemblies (2ms)
				RefreshPlugins (1ms)
				BeforeProcessingInitializeOnLoad (100ms)
				ProcessInitializeOnLoadAttributes (278ms)
				ProcessInitializeOnLoadMethodAttributes (26ms)
				AfterProcessingInitializeOnLoad (14ms)
				EditorAssembliesLoaded (0ms)
			ExecutionOrderSort2 (0ms)
			AwakeInstancesAfterBackupRestoration (11ms)
Platform modules already initialized, skipping
Refreshing native plugins compatible for Editor in 7.95 ms, found 3 plugins.
Preloading 0 native plugins for Editor in 0.00 ms.
Unloading 3305 Unused Serialized files (Serialized files now loaded: 0)
Unloading 44 unused Assets / (80.1 KB). Loaded Objects now: 3766.
Memory consumption went from 118.9 MB to 118.8 MB.
Total: 4.872600 ms (FindLiveObjects: 0.692200 ms CreateObjectMapping: 0.175600 ms MarkObjects: 3.850800 ms  DeleteObjects: 0.152700 ms)

AssetImportParameters requested are different than current active one (requested -> active):
  custom:video-decoder-ogg-theora: a1e56fd34408186e4bbccfd4996cb3dc -> 
  custom:container-muxer-webm: aa71ff27fc2769a1b78a27578f13a17b -> 
  custom:container-demuxer-webm: 4f35f7cbe854078d1ac9338744f61a02 -> 
  custom:video-encoder-webm-vp8: eb34c28f22e8b96e1ab97ce403110664 -> 
  custom:video-codec-MediaFoundation-h265: 746d11721c4dcdbdad8f713fa42b33f4 -> 
  custom:audio-encoder-webm-vorbis: bf7c407c2cedff20999df2af8eb42d56 -> 
  custom:framework-win-MediaFoundation: 216162199b28c13a410421893ffa2e32 -> 
  custom:container-demuxer-ogg: 62fdf1f143b41e24485cea50d1cbac27 -> 
  custom:video-decoder-webm-vp8: 9c59270c3fd7afecdb556c50c9e8de78 -> 
  custom:audio-decoder-ogg-vorbis: bf7c407c2cedff20999df2af8eb42d56 -> 
========================================================================
Received Prepare
Registering precompiled user dll's ...
Registered in 0.006879 seconds.
Begin MonoManager ReloadAssembly
Symbol file LoadedFromMemory doesn't match image C:\Users\Aalimah\Documents\GitHub\updated-gamefiles-\puzzle game\Library\PackageCache\com.unity.visualscripting@1.8.0\Editor\VisualScripting.Core\Dependencies\YamlDotNet\Unity.VisualScripting.YamlDotNet.dll
Symbol file LoadedFromMemory doesn't match image C:\Users\Aalimah\Documents\GitHub\updated-gamefiles-\puzzle game\Library\PackageCache\com.unity.visualscripting@1.8.0\Editor\VisualScripting.Core\Dependencies\DotNetZip\Unity.VisualScripting.IonicZip.dll
Native extension for WindowsStandalone target not found
Native extension for WebGL target not found
Refreshing native plugins compatible for Editor in 1.19 ms, found 3 plugins.
Preloading 0 native plugins for Editor in 0.00 ms.
Mono: successfully reloaded assembly
- Completed reload, in  1.305 seconds
Domain Reload Profiling:
	ReloadAssembly (1306ms)
		BeginReloadAssembly (137ms)
			ExecutionOrderSort (0ms)
			DisableScriptedObjects (5ms)
			BackupInstance (0ms)
			ReleaseScriptingObjects (0ms)
			CreateAndSetChildDomain (37ms)
		EndReloadAssembly (1056ms)
			LoadAssemblies (90ms)
			RebuildTransferFunctionScriptingTraits (0ms)
			SetupTypeCache (383ms)
			ReleaseScriptCaches (2ms)
			RebuildScriptCaches (62ms)
			SetupLoadedEditorAssemblies (430ms)
				LogAssemblyErrors (0ms)
				InitializePlatformSupportModulesInManaged (23ms)
				SetLoadedEditorAssemblies (1ms)
				RefreshPlugins (1ms)
				BeforeProcessingInitializeOnLoad (108ms)
				ProcessInitializeOnLoadAttributes (258ms)
				ProcessInitializeOnLoadMethodAttributes (26ms)
				AfterProcessingInitializeOnLoad (13ms)
				EditorAssembliesLoaded (0ms)
			ExecutionOrderSort2 (0ms)
			AwakeInstancesAfterBackupRestoration (9ms)
Platform modules already initialized, skipping
Refreshing native plugins compatible for Editor in 7.28 ms, found 3 plugins.
Preloading 0 native plugins for Editor in 0.00 ms.
Unloading 3305 Unused Serialized files (Serialized files now loaded: 0)
Unloading 44 unused Assets / (80.3 KB). Loaded Objects now: 3769.
Memory consumption went from 118.9 MB to 118.8 MB.
Total: 4.982600 ms (FindLiveObjects: 0.356200 ms CreateObjectMapping: 0.145400 ms MarkObjects: 4.258700 ms  DeleteObjects: 0.219900 ms)

AssetImportParameters requested are different than current active one (requested -> active):
  custom:video-decoder-ogg-theora: a1e56fd34408186e4bbccfd4996cb3dc -> 
  custom:container-muxer-webm: aa71ff27fc2769a1b78a27578f13a17b -> 
  custom:container-demuxer-webm: 4f35f7cbe854078d1ac9338744f61a02 -> 
  custom:video-encoder-webm-vp8: eb34c28f22e8b96e1ab97ce403110664 -> 
  custom:video-codec-MediaFoundation-h265: 746d11721c4dcdbdad8f713fa42b33f4 -> 
  custom:audio-encoder-webm-vorbis: bf7c407c2cedff20999df2af8eb42d56 -> 
  custom:framework-win-MediaFoundation: 216162199b28c13a410421893ffa2e32 -> 
  custom:container-demuxer-ogg: 62fdf1f143b41e24485cea50d1cbac27 -> 
  custom:video-decoder-webm-vp8: 9c59270c3fd7afecdb556c50c9e8de78 -> 
  custom:audio-decoder-ogg-vorbis: bf7c407c2cedff20999df2af8eb42d56 -> 
